2023/04/12 18:36:39 server yaml read err: open conf/dev/dev/server.yaml: no such file or directory
2023/04/12 18:36:39 mysql yaml read err: open conf/dev/dev/mysql.yaml: no such file or directory
2023/04/12 18:36:39 redis yaml read err: open conf/dev/dev/redis.yaml: no such file or directory
2023/04/12 18:36:39 app yaml read err: open conf/dev/dev/app.yaml: no such file or directory
panic: runtime error: invalid memory address or nil pointer dereference
[signal SIGSEGV: segmentation violation code=0x1 addr=0x10 pc=0xe7635b]

goroutine 1 [running]:
github.com/1824461877/rwen-back/server.(*MysqlNode).GetMysqlService(0x18?)
	/root/project/china-carbon-install/project/rwen-back/server/mysql_conn.go:27 +0x1b
gitee.com/chenqinyu/building-blocks/service/service.GetMysqlOpen({0x10b7231, 0x5}, {0x1258a30, 0xc0001223a8})
	/root/go/pkg/mod/gitee.com/chenqinyu/building-blocks@v0.0.0-20230319061015-21ca16f16480/service/service/mysql.go:77 +0x35
main.ServerInit(0xc00041a000)
	/root/project/china-carbon-install/project/rwen-back/assembly.go:66 +0x85
main.DashboardServer(0xc00041a000)
	/root/project/china-carbon-install/project/rwen-back/assembly.go:85 +0x25
main.main()
	/root/project/china-carbon-install/project/rwen-back/main.go:27 +0x13d
2023/04/12 18:38:21 server yaml read err: open conf/dev/dev/server.yaml: no such file or directory
2023/04/12 18:38:21 mysql yaml read err: open conf/dev/dev/mysql.yaml: no such file or directory
2023/04/12 18:38:21 redis yaml read err: open conf/dev/dev/redis.yaml: no such file or directory
2023/04/12 18:38:21 app yaml read err: open conf/dev/dev/app.yaml: no such file or directory
panic: runtime error: invalid memory address or nil pointer dereference
[signal SIGSEGV: segmentation violation code=0x1 addr=0x10 pc=0xe7635b]

goroutine 1 [running]:
github.com/1824461877/rwen-back/server.(*MysqlNode).GetMysqlService(0x18?)
	/root/project/china-carbon-install/project/rwen-back/server/mysql_conn.go:27 +0x1b
gitee.com/chenqinyu/building-blocks/service/service.GetMysqlOpen({0x10b7231, 0x5}, {0x1258a30, 0xc000400048})
	/root/go/pkg/mod/gitee.com/chenqinyu/building-blocks@v0.0.0-20230319061015-21ca16f16480/service/service/mysql.go:77 +0x35
main.ServerInit(0xc000272000)
	/root/project/china-carbon-install/project/rwen-back/assembly.go:66 +0x85
main.DashboardServer(0xc000272000)
	/root/project/china-carbon-install/project/rwen-back/assembly.go:85 +0x25
main.main()
	/root/project/china-carbon-install/project/rwen-back/main.go:27 +0x13d
[GIN-debug] [WARNING] Creating an Engine instance with the Logger and Recovery middleware already attached.

[GIN-debug] [WARNING] Running in "debug" mode. Switch to "release" mode in production.
 - using env:	export GIN_MODE=release
 - using code:	gin.SetMode(gin.ReleaseMode)

[GIN-debug] GET    /ping                     --> github.com/1824461877/rwen-back/router.InitRouter.func1 (3 handlers)
[GIN-debug] GET    /swagger/*any             --> github.com/swaggo/gin-swagger.CustomWrapHandler.func1 (3 handlers)
5mVuQd8rN8p9sMWpXZKhZGpVmRaO71HEzclKpgL
[GIN-debug] GET    /admin/admin_info         --> github.com/1824461877/rwen-back/controller.(*AdminController).AdminInfo-fm (5 handlers)
[GIN-debug] POST   /admin/admin_set          --> github.com/1824461877/rwen-back/controller.(*AdminController).AdminSet-fm (5 handlers)
[GIN-debug] GET    /admin/admin_email_verification_code --> github.com/1824461877/rwen-back/controller.(*AdminController).AdminEmailVerificationCode-fm (5 handlers)
[GIN-debug] POST   /admin/admin_bind_email   --> github.com/1824461877/rwen-back/controller.(*AdminController).AdminBindEmail-fm (5 handlers)
[GIN-debug] POST   /admin/admin_update_password --> github.com/1824461877/rwen-back/controller.(*AdminController).AdminUpdatePassword-fm (5 handlers)
[GIN-debug] POST   /admin/admin_update_cell_phone --> github.com/1824461877/rwen-back/controller.(*AdminController).AdminUpdateCellPhone-fm (5 handlers)
[GIN-debug] GET    /admin/admin_phone_verification_code_confirmation --> github.com/1824461877/rwen-back/controller.(*AdminController).AdminPhoneVerificationCodeConfirmation-fm (5 handlers)
[GIN-debug] POST   /admin/admin_update_email --> github.com/1824461877/rwen-back/controller.(*AdminController).AdminUpdateEmail-fm (5 handlers)
[GIN-debug] GET    /admin/admin_email_verification_code_confirmation --> github.com/1824461877/rwen-back/controller.(*AdminController).AdminEmailVerificationCodeConfirmation-fm (5 handlers)
[GIN-debug] POST   /admin/admin_update       --> github.com/1824461877/rwen-back/controller.(*AdminController).AdminInfoUpdate-fm (5 handlers)
[GIN-debug] POST   /admin_s/admin_register   --> github.com/1824461877/rwen-back/controller.(*AdminController).AdminRegister-fm (4 handlers)
[GIN-debug] POST   /admin_s/admin_login_in   --> github.com/1824461877/rwen-back/controller.(*AdminController).AdminLogin-fm (4 handlers)
[GIN-debug] GET    /admin_s/admin_phone_verification_code --> github.com/1824461877/rwen-back/controller.(*AdminController).AdminCellPhoneVerificationCode-fm (4 handlers)
2023/04/12 18:39:01  [INFO] http_proxy_run 127.0.0.1:8880
[GIN] 2023/04/12 - 18:39:11 | 200 |    1.665175ms |  140.240.47.158 | POST     "/admin_s/admin_login_in"
[GIN] 2023/04/12 - 18:39:11 | 200 |    1.999384ms |  140.240.47.158 | GET      "/admin/admin_info"
